[  0.000000] Initializing cgroup subsys cpuset
[    0.000000] Initializing cgroup subsys cpu
[    0.000000] Initializing cgroup subsys cpuacct
[    0.000000] Linux version 4.4.0-119-generic (buildd@lcy01-amd64-013) (gcc version 5.4.0 20160609 (Ubuntu 5.4.0-6ubuntu1~16.04.9) ) #143-Ubuntu SMP Mon Apr 2 16:08:24 UTC 2018 (Ubuntu 4.4.0-11.1-generic 4.4.114)
[   .0000] Comanlie: BOTMAE=/boot/vmlinuz-4.4.0-119-generic root=LABEL=cloudimg-rootfs ro console=tty1 console=ttyS0
[    0.000000] KERNEL supported cpus:
[    0.000000]   Intel GenuineIntel
[    0.000000]   AMD AuthenticAMD
[    0.000]  CenurentauHas[    0.00000] x86/fpu: xstate_offset[2]:  76 xstate_sies]:256
[  0.0000] x86/fpu: Supporting XSAVE feature 0x01: 'x87 floating point registers'
[    0.000000] x86/fpu: Supporting XSAVE feature 0x02: 'SSE registers'
[    0.000000] x86/fpu: Supporting XSVEfetue x04: 'AVX registers'
[    0.000000] x86/fpu: Enabled xstate features 0x7, conteex szeis832 btes, usi 'andar fma.
[  000000] x86/puUsng 'lzyFP context switches.
[    0.000000] e8: IOS-provid pyscal R m:
[    0.000000] BIOS-e820: [mem 0x0000000000000000-0x000000000009fbff] usable
[    0.00000] IO-e20 [mem 0x000000000009fc-000000009ffff]rervd
[    0.000000] BIOS-e820: [m 00000000000f0000-0x00000000000fffff] reserved
[    0.000000] BIOS-e82 [m 0x0000000000000-0x000000001fefff] usable
[    0.000000] BIOS-e820: [mem 0x000000001fff0000-0x000000001ffff] ACPI data
[   00000] BIS-20 [mem0x00000fec00000-0x00000000fec00fff] reserved
[    0.000000] BIS-20: [mem 0x00000000fee00000-0x00000000eeff] reserd[   0.000000] BIOS-e820: [mem 0x00000000fffc000-0000000fffff] rerv
[    0.000000] N(Ecute Disable) protection: active
[    0.000000] SMBIOS 2 pest.
[    00000] Hyrvso dtected: KVM
[    0.000000] e820: last_pfn = 0x1fff0 mx_chpfn = 4000000
[   00000] MTRRDiabled
[    0.000000] 86AT: MTRR dabed sipng PAT initialization too.
[    0.000000] CPU MTRRs all blank - virtualized system.
[    0.000000] x86/PAT: oniguration [0-7] W  T  UC-UC  WB  WT  UC- UC  
[    0.0000]fod P MP-table at [mem 0x0009fff0-0x0009ffff] mappd  [fff0000ff0]
[    0000 Scani 1areas orowmemoryorption
[    0.000000] RAMDISK: [memx1c4000-0x1f769fff]
[    0.000000]AC: Early table checksum verification disabled
[    0.000000] ACPI: RSDP 0x00000000000E0000 000024 (v02 VBOX  )
[    0.000000] ACPI: XSDT 0x000000001FFF0030 00003C (v01 VBOX   VBOXXSDT00001 ASL  00061)
[    0.000000] ACPI: FP 0x000000001FFF00F0 0000F4 (v04 VBOX   VBOXFACP 00000001 ASL  00000061)
[  0.000000] ACPI: DSDT 0x000000001FFF0470 0021FF (v02 VBOX   VBOXBIOS 00000002 INTL 20160930)
[    0.000000] ACPI: FACS 0x000000001FFF0200 000040
[    0.000000] ACPI: FACS 0x000000001FFF0200 000040
[   .000] ACPI: APIC 0x000000001FFF0240 00005C (v02 VBOX   VBOXAPIC 00000001 ASL  00000061
  0.00000] ACPI: SSDT 0x000000001FFF02A0 0001CC (v01 VBOX   VBOXCPT 00002 NT 20160930)
[  0.0000No NUMA configuration found
[    0.000000] Faking a node at [mem 0x0000000000000000-0x000000001ffeffff]
  0.000000] NODE_DATA(0) allocated [mem 0x1ff00-0fffff]
  0.000]vmclock: Using msrs 4b564d01 and 4b564d00
[    0.000000] kvm-clock: cpu 0, msr 0:1ffe3001, primary cpu clock
[    0.000000] kvm-clock: using sched offset of 3084558455 cycles
[    000000] clocksource: kvm-clock: mask: 0xffffffffffffffff max_cycles: 0x1cd42e4dffb, max_idle_ns: 881590591483 ns
[    0.000000] Zon rng:
[    0.0000   DMA  [mem 0x0000000100-x0000000fff
[   0.000000  DMA3  [mm 0x0000000001000000-0x000000001fff]
[    0.000000   rml  mpy
[    0.000000]   Device   empty
[    0.000000] Movable zone start for each node
[   0.000000] Early memory node ranges
[  .0000] nde   0: [m 0000000000001000-0x000000000009efff]
[    0.000000]   node   0: [mem 0x000000010000-0x00000ffff
    0.00000Intmem sep de 0 [mem 0x0000000000001000-0x0000001effff
[  0.000000] ACPI: PM-Timer IO Port: 0x4008
[    0.000000] IOAPIC[0]: apic_id 2, version 32, address 0xfec0000GSI 0-3    0.00000]CP: I_S_OR (bu 0usirq 0 loalrq 2 dfl dfl)
[    0.000000] ACPI: INT_SRC_OVR (bus 0 bus_irq 9 global_irq 9 lw ve)
[  0.0000] Using ACPI (MADT) for SMP configuration information
[    0.000000] smpboot: Allowing 2 CPUs, 0 hotplug CPUs
[    0.000000] PM: Registered nosave memory: [mem 0x00000000-0x00000fff]
[    0.000000] PM: Regiteed nosave memory: [mem0x0900-0x0009ffff]
[    0.000000] PM: Registered nosave memory: [mem 0x000a0000-0x000effff]
[    0.000000] PM: Registered nosave memory: [mem 0x000f0000-0x000fffff]
[    0.000000] e820: [mem 0x20000000-0xfebfffff] available for PCI devices
[    0.000000] Booting paravirtualized kernel on KVM
[    0.000000] clocksource: refined-jiffies: mask: 0xffffffff max_cycles: 0xffffffff, max_idle_ns: 7645519600211568 ns
[    0.000000] setup_percpu: NR_CPUS:512 r_umsk_bits12r_pu_ids nnode_ids:1
[    0.000000] PERCPU: Embedded 34 pages/cpu @ffff88001fc00000 s99544 r8192 d31528 u1048576
[    0.000000] PV qspinlock hash table entries: 256 (order: 0, 4096 bytes)
[    0.000000] Built 1 zonelists in Node order, mobility grouping on.  Total pages: 128888
[    0.000000] Policy zone: DMA32
[    0.000000] Kernel command line: BOOT_IMAGE=/boot/vmluz4.4.0-119-generic root=LABEL=cloudimg-rootfs ro console=tty1 console=ttyS0
[    0.000000] PID hash table entries: 2048 (order: 2, 16384 bytes)
[    0.000000] Memory: 485540K/523832K available (8532K kernel code, 1313K rwdata, 3996K rodata, 1508K init, 1316K bss, 3822Kreseed0Kcm-rered)
[    0.000000] SLUB: HWalign=64, Order=0-3, MinObjects=0, CPUs=2, Nodes=1
[    0.000000] rn/User page tables isolation: enabled
[    0.000000] Hierarchical RCU implementation.
[   00000] 	Buldtie djustment of leaf fanout t 6.
[    0.000000] 	RCU restricting CPUs from NRPU=52 o _cu_ids=2.
[    0.000000] RCU: Adjusting geometry for rcu_fanot_eaf=64, nr_cpu_ids=2
[    0.000000] NR_IRQS:33024 nr_irqs:440 16
[   00000] Console: colour VGA+ 8025[    00000] console [tty1] enabled
[    0.000000] console [ttyS0] enabled
[    0.000000] tsc: Detected 3597.998 MHz processor
[    7.064554] Calibrating delay loop (skipped) preset value.. 7195.99 BogoMIPS (lpj=14391992)
[    7.098403] pid_max: default: 32768 minimum: 301
[    7.109003] ACPI: Core revision 20150930
[    7.159975] ACPI: 2 ACPI AML tables successfully acquired and loaded
[    7.183179] Security Framework initialized
[    7.201538] Yama: becoming mindful.
[    7.216339] AppArmor: AppArmor initialized
[    7.217041] Dentry cache hash table entries: 65536 (order: 7, 524288 bytes)
[    7.221617] Inode-cache hash table entries: 32768 (order: 6, 262144 bytes)
[    7.225571] Mount-cache hash table entries: 1024 (order: 1, 8192 bytes)
[    7.237002] Mountpoint-cache hash table entries: 1024 (order: 1, 8192 bytes)
[    7.276161] Initializing cgroup subsys io
[    7.297486] Initializing cgroup subsys memory
[    7.318746] Initializing cgroup subsys devices
[    7.330041] Initializing cgroup subsys freezer
[    7.349592] Initializing cgroup subsys net_cls
[    7.359617] Initializing cgroup subsys perf_event
[    7.397084] Initializing cgroup subsys net_prio
[    7.421400] Initializing cgroup subsys hugetlb
[    7.441497] Initializing cgroup subsys pids
[    7.466857] CPU: Physical Processor ID: 0
[    7.479280] CPU: Processor Core ID: 0
[    7.502994] FEATURE SPEC_CTRL Not Present
[    7.506366] mce: CPU supports 0 MCE banks
[    7.533552] Last level iTLB entries: 4KB 1024, 2MB 1024, 4MB 1024
[    7.587857] Last level dTLB entries: 4KB 1024, 2MB 1024, 4MB 1024, 1GB 4
[    7.621450] Spectre V2 mitigation: Mitigation: Full generic retpoline
[    7.655036] Spectre V2 mitigation: Speculation control IBPB not-supported IBRS not-supported
[    7.692208] Freeing SMP alternatives memory: 32K
[    7.704041] ftrace: allocating 32195 entries in 126 pages
[    7.757901] smpboot: APIC(0) Converting physical 0 to logical package 0
[    7.770541] smpboot: Max logical packages: 1
[    7.773479] x2apic enabled
[    7.774132] Switched APIC routing to physical x2apic.
[    7.778483] ..TIMER: vector=0x30 apic1=0 pin1=2 apic2=-1 pin2=-1
[    7.953251] smpboot: CPU0: Intel(R) Core(TM) i7-4790 CPU @ 3.60GHz (family: 0x6, model: 0x3c, stepping: 0x3)
[    7.986031] Performance Events: unsupported p6 CPU model 60 no PMU driver, software events only.
[    8.030354] KVM setup paravirtual spinlock
[    8.042220] x86: Booting SMP configuration:
[    8.048568] .... node  #0, CPUs:      #1
[    8.051051] kvm-clock: cpu 1, msr 0:1ffe3041, secondary cpu clock
[    8.088729] mce: CPU supports 0 MCE banks
[    8.116443] x86: Booted up 1 node, 2 CPUs
[    8.134629] smpboot: Total of 2 processors activated (14391.99 BogoMIPS)
[    8.157478] devtmpfs: initialized
[    8.167014] evm: security.selinux
[    8.178276] evm: security.SMACK64
[    8.179161] evm: security.SMACK64EXEC
[    8.190722] evm: security.SMACK64TRANSMUTE
[    8.197502] evm: security.SMACK64MMAP
[    8.203610] evm: security.ima
[    8.212981] evm: security.capability
[    8.214158] clocksource: jiffies: mask: 0xffffffff max_cycles: 0xffffffff, max_idle_ns: 7645041785100000 ns
[    8.239754] futex hash table entries: 512 (order: 3, 32768 bytes)
[    8.245943] pinctrl core: initialized pinctrl subsystem
[    8.295052] RTC time: 17:26:29, date: 04/16/18
[    8.316440] NET: Registered protocol family 16
[    8.345018] cpuidle: using governor ladder
[    8.377120] cpuidle: using governor menu
[    8.402560] PCCT header not found.
[    8.403587] ACPI: bus type PCI registered
[    8.410811] acpiphp: ACPI Hot Plug PCI Controller Driver version: 0.5
[    8.437371] PCI: Using configuration type 1 for base access
[    8.469973] ACPI: Added _OSI(Module Device)
[    8.482272] ACPI: Added _OSI(Processor Device)
[    8.482915] ACPI: Added _OSI(3.0 _SCP Extensions)
[    8.496190] ACPI: Added _OSI(Processor Aggregator Device)
[    8.499571] ACPI: Executed 1 blocks of module-level executable AML code
[    8.532057] ACPI: Interpreter enabled
[    8.541062] ACPI: (supports S0 S5)
[    8.554068] ACPI: Using IOAPIC for interrupt routing
[    8.570347] PCI: Using host bridge windows from ACPI; if necessary, use "pci=nocrs" and report a bug
[    8.587542] ACPI: PCI Root Bridge [PCI0] (domain 0000 [bus 00-ff])
[    8.621162] acpi PNP0A03:00: _OSC: OS supports [ASPM ClockPM Segments MSI]
[    8.627171] acpi PNP0A03:00: _OSC: not requesting OS control; OS requires [ExtendedConfig ASPM ClockPM MSI]
[    8.628616] acpi PNP0A03:00: fail to add MMCONFIG information, can't access extended PCI configuration space under this bridge.
[    8.687467] PCI host bridge to bus 0000:00
[    8.697362] pci_bus 0000:00: root bus resource [io  0x0000-0x0cf7 window]
[    8.710216] pci_bus 0000:00: root bus resource [io  0x0d00-0xffff window]
[    8.717149] pci_bus 0000:00: root bus resource [mem 0x000a0000-0x000bffff window]
[    8.735192] pci_bus 0000:00: root bus resource [mem 0x20000000-0xfdffffff window]
[    8.785762] pci_bus 0000:00: root bus resource [bus 00-ff]
[    8.835473] pci 0000:00:01.1: legacy IDE quirk: reg 0x10: [io  0x01f0-0x01f7]
[    8.861509] pci 0000:00:01.1: legacy IDE quirk: reg 0x14: [io  0x03f6]
[    8.918541] pci 0000:00:01.1: legacy IDE quirk: reg 0x18: [io  0x0170-0x0177]
[    8.932039] pci 0000:00:01.1: legacy IDE quirk: reg 0x1c: [io  0x0376]
[    8.948727] pci 0000:00:07.0: quirk: [io  0x4000-0x403f] claimed by PIIX4 ACPI
[    8.963440] pci 0000:00:07.0: quirk: [io  0x4100-0x410f] claimed by PIIX4 SMB
[    9.010633] ACPI: PCI Interrupt Link [LNKA] (IRQs 5 9 10 *11)
[    9.012864] ACPI: PCI Interrupt Link [LNKB] (IRQs 5 9 *10 11)
[    9.014065] ACPI: PCI Interrupt Link [LNKC] (IRQs 5 *9 10 11)
[    9.043085] ACPI: PCI Interrupt Link [LNKD] (IRQs 5 9 10 *11)
[    9.044775] ACPI: Enabled 2 GPEs in block 00 to 07
[    9.046141] vgaarb: setting as boot device: PCI:0000:00:02.0
[    9.054638] vgaarb: device added: PCI:0000:00:02.0,decodes=io+mem,owns=io+mem,locks=none
[    9.075185] vgaarb: loaded
[    9.082070] vgaarb: bridge control possible 0000:00:02.0
[    9.086579] SCSI subsystem initialized
[    9.090733] ACPI: bus type USB registered
[    9.093642] usbcore: registered new interface driver usbfs
[    9.105763] usbcore: registered new interface driver hub
[    9.153698] usbcore: registered new device driver usb
[    9.185237] PCI: Using ACPI for IRQ routing
[    9.194687] NetLabel: Initializing
[    9.197474] NetLabel:  domain hash size = 128
[    9.198608] NetLabel:  protocols = UNLABELED CIPSOv4
[    9.213151] NetLabel:  unlabeled traffic allowed by default
[    9.238693] amd_nb: Cannot enumerate AMD northbridges
[    9.262525] clocksource: Switched to clocksource kvm-clock
[    9.2953Aprm: ppmoFieste Eabed
[  97604 pnp: nPACI ni
[ 100457] np P AI:oud dece

[   10.502634] clocksource: acpi_pm: mask: 0xffffff max_cycles: 0xffffff, max_idle_ns: 2085701024 ns
[   10.539025] NET: Registered protocol family 2
[   10.558130] TCP established hash table entries: 4096 (order: 3, 32768 bytes)
[   10.597814] TCP bind hash table entries: 4096 (order: 4, 65536 bytes)
[   10.637981] TCP: Hash tables configured (established 4096 bind 4096)
[   10.807914] UDP hash table entries: 256 (order: 1, 8192 bytes)
[   10.897873] UDP-Lite hash table entries: 256 (order: 1, 8192 bytes)
[   10.958002] NET: Registered protocol family 1
[   11.137758] pci 0000:00:00.0: Limiting direct PCI/PCI transfers
[   11.297927] pci 0000:00:01.0: Activating ISA DMA hang workarounds
[   11.299098] Unpacking initramfs...
[   13.118553] Freeing initrd memory: 10904K
[   13.228015] RAPL PMU detected, API unit is 2^-32 Joules, 4 fixed counters 10737418240 ms ovfl timer
[   13.328719] hw unit of domain pp0-core 2^-0 Joules
[   13.404768] hw unit of domain package 2^-0 Joules
[   13.419562] hw unit of domain dram 2^-0 Joules
[   13.420148] hw unit of domain pp1-gpu 2^-0 Joules
[   13.420863] platform rtc_cmos: registered platform RTC device (no PNP device found)
[   13.421883] Scanning for low memory corruption every 60 seconds
[   13.423987] audit: initializing netlink subsys (disabled)
[   13.527813] audit: type=2000 audit(1523899590.364:1): initialized
[   13.628325] Initialise system trusted keyring
[   13.632689] HugeTLB registered 2 MB page size, pre-allocated 0 pages
[   13.689560] zbud: loaded
[   13.755427] VFS: Disk quotas dquot_6.6.0
[   13.788005] VFS: Dquot-cache hash table entries: 512 (order 0, 4096 bytes)
[   13.789222] squashfs: version 4.0 (2009/01/31) Phillip Lougher
[   13.790351] fuse init (API version 7.23)
[   13.870213] Key type big_key registered
[   13.967812] Allocating IMA MOK and blacklist keyrings.
[   14.073588] Key type asymmetric registered
[   14.147874] Asymmetric key parser 'x509' registered
[   14.247737] Block layer SCSI generic (bsg) driver version 0.4 loaded (major 249)
[   14.424599] tsc: Refined TSC clocksource calibration: 3602.884 MHz
[   14.432025] io scheduler noop registered
[   14.432027] io scheduler deadline registered (default)
[   14.432093] io scheduler cfq registered
[   14.432229] pci_hotplug: PCI Hot Plug PCI Core version: 0.5
[   14.432234] pciehp: PCI Express Hot Plug Controller Driver version: 0.4
[   14.432377] ACPI: AC Adapter [AC] (on-line)
[   14.432439] input: Power Button as /devices/LNXSYSTM:00/LNXPWRBN:00/input/input0
[   14.432443] ACPI: Power Button [PWRF]
[   14.432511] input: Sleep Button as /devices/LNXSYSTM:00/LNXSLPBN:00/input/input1
[   14.432513] ACPI: Sleep Button [SLPF]
[   14.432680] GHES: HEST is not enabled!
[   14.477472] Serial: 8250/16550 driver, 32 ports, IRQ sharing enabled
[   14.500150] 00:02: ttyS0 at I/O 0x3f8 (irq = 4, base_baud = 115200) is a 16550A
[   14.618816] Linux agpgart interface v0.103
[   14.744027] loop: module loaded
[   14.744425] scsi host0: ata_piix
[   14.744465] scsi host1: ata_piix
[   14.744487] ata1: PATA max UDMA/33 cmd 0x1f0 ctl 0x3f6 bmdma 0xd000 irq 14
[   14.744487] ata2: PATA max UDMA/33 cmd 0x170 ctl 0x376 bmdma 0xd008 irq 15
[   14.744544] libphy: Fixed MDIO Bus: probed
[   14.744546] tun: Universal TUN/TAP device driver, 1.6
[   14.744546] tun: (C) 1999-2004 Max Krasnyansky <maxk@qualcomm.com>
[   14.744795] PPP generic driver version 2.4.2
[   14.744839] ehci_hcd: USB 2.0 'Enhanced' Host Controller (EHCI) Driver
[   14.744842] ehci-pci: EHCI PCI platform driver
[   14.744855] ehci-platform: EHCI generic platform driver
[   14.744860] ohci_hcd: USB 1.1 'Open' Host Controller (OHCI) Driver
[   14.744863] ohci-pci: OHCI PCI platform driver
[   14.744869] ohci-platform: OHCI generic platform driver
[   14.744875] uhci_hcd: USB Universal Host Controller Interface driver
[   14.744917] i8042: PNP: PS/2 Controller [PNP0303:PS2K,PNP0f03:PS2M] at 0x60,0x64 irq 1,12
[   14.745292] serio: i8042 KBD port at 0x60,0x64 irq 1
[   14.745295] serio: i8042 AUX port at 0x60,0x64 irq 12
[   14.745381] mousedev: PS/2 mouse device common for all mice
[   14.745583] input: AT Translated Set 2 keyboard as /devices/platform/i8042/serio0/input/input2
[   14.745867] rtc_cmos rtc_cmos: rtc core: registered rtc_cmos as rtc0
[   14.745920] rtc_cmos rtc_cmos: alarms up to one day, 114 bytes nvram
[   14.745926] i2c /dev entries driver
[   14.745966] device-mapper: uevent: version 1.0.3
[   14.746009] device-mapper: ioctl: 4.34.0-ioctl (2015-10-28) initialised: dm-devel@redhat.com
[   14.746034] ledtrig-cpu: registered to indicate activity on CPUs
[   14.746249] NET: Registered protocol family 10
[   14.746364] NET: Registered protocol family 17
[   14.746371] Key type dns_resolver registered
[   14.746544] registered taskstats version 1
[   14.746556] Loading compiled-in X.509 certificates
[   14.747095] Loaded X.509 cert 'Build time autogenerated kernel key: f854e06633b5f496ced5b2e02c7b14f761b69302'
[   14.747110] zswap: loaded using pool lzo/zbud
[   14.861868] Key type trusted registered
[   14.863733] Key type encrypted registered
[   14.863737] AppArmor: AppArmor sha1 policy hashing enabled
[   14.863756] ima: No TPM chip found, activating TPM-bypass!
[   14.863772] evm: HMAC attrs: 0x1
[   14.863935]   Magic number: 14:367:441
[   14.900881] rtc_cmos rtc_cmos: setting system clock to 2018-04-16 17:26:35 UTC (1523899595)
[   14.901067] BIOS EDD facility v0.16 2004-Jun-25, 0 devices found
[   14.901067] EDD information not available.
[   17.917851] clocksource: tsc: mask: 0xffffffffffffffff max_cycles: 0x33eef82cb82, max_idle_ns: 440795349688 ns
[   17.974906] Freeing unused kernel memory: 1508K
[   17.983020] Write protecting the kernel read-only data: 14336k
[   18.039326] Freeing unused kernel memory: 1696K
[   18.045556] Freeing unused kernel memory: 100K
Loading, please [   18.088371] random: systemd-udevd: uninitialized urandom read (16 bytes read, 4 bits of entropy available)
wait...
startin[   18.089350] random: udevadm: uninitialized urandom read (16 bytes read, 4 bits of entropy available)
g version 229
[   18.089365] random: udevadm: uninitialized urandom read (16 bytes read, 4 bits of entropy available)
[   18.098318] random: udevadm: uninitialized urandom read (16 bytes read, 4 bits of entropy available)
[   18.098383] random: udevadm: uninitialized urandom read (16 bytes read, 4 bits of entropy available)
[   18.098538] random: udevadm: uninitialized urandom read (16 bytes read, 4 bits of entropy available)
[   18.098638] random: udevadm: uninitialized urandom read (16 bytes read, 4 bits of entropy available)
[   18.098677] random: udevadm: uninitialized urandom read (16 bytes read, 4 bits of entropy available)
[   18.098714] random: udevadm: uninitialized urandom read (16 bytes read, 4 bits of entropy available)
[   18.098758] random: udevadm: uninitialized urandom read (16 bytes read, 4 bits of entropy available)
[   18.216721] Fusion MPT base driver 3.04.20
[   18.367871] Copyright (c) 1999-2008 LSI Corporation
[   18.448040] Fusion MPT SPI Host driver 3.04.20
[   18.528225] e1000: Intel(R) PRO/1000 Network Driver - version 7.3.21-k8-NAPI
[   18.538345] e1000: Copyright (c) 1999-2006 Intel Corporation.
[   18.667194] AVX2 version of gcm_enc/dec engaged.
[   18.674376] mptbase: ioc0: Initiating bringup
[   18.747697] ioc0: LSI53C1030 A0: Capabilities={Initiator}
[   18.868781] input: ImExPS/2 Generic Explorer Mouse as /devices/platform/i8042/serio1/input/input4
[   18.957451] scsi host2: ioc0: LSI53C1030 A0, FwRev=00000000h, Ports=1, MaxQ=256, IRQ=20
[   19.098969] scsi 2:0:0:0: Direct-Access     VBOX     HARDDISK         1.0  PQ: 0 ANSI: 5
[   19.098974] scsi target2:0:0: Beginning Domain Validation
[   19.099766] scsi target2:0:0: Domain Validation skipping write tests
[   19.099767] scsi target2:0:0: Ending Domain Validation
[   19.099804] scsi target2:0:0: asynchronous
[   19.100046] scsi 2:0:1:0: Direct-Access     VBOX     HARDDISK         1.0  PQ: 0 ANSI: 5
[   19.100049] scsi target2:0:1: Beginning Domain Validation
[   19.100712] scsi target2:0:1: Domain Validation skipping write tests
[   19.100713] scsi target2:0:1: Ending Domain Validation
[   19.100754] scsi target2:0:1: asynchronous
[   19.105043] sd 2:0:0:0: Attached scsi generic sg0 type 0
[   19.105374] sd 2:0:1:0: [sdb] 20480 512-byte logical blocks: (10.5 MB/10.0 MiB)
[   19.105475] sd 2:0:1:0: [sdb] Write Protect is off
[   19.105544] sd 2:0:1:0: [sdb] Incomplete mode parameter data
[   19.105546] sd 2:0:1:0: [sdb] Assuming drive cache: write through
[   19.105705] sd 2:0:0:0: [sda] 20971520 512-byte logical blocks: (10.7 GB/10.0 GiB)
[   19.105821] sd 2:0:0:0: [sda] Write Protect is off
[   19.105889] sd 2:0:0:0: [sda] Incomplete mode parameter data
[   19.105891] sd 2:0:0:0: [sda] Assuming drive cache: write through
[   19.106843] sd 2:0:1:0: Attached scsi generic sg1 type 0
[   19.106891]  sda: sda1
[   19.107361] sd 2:0:0:0: [sda] Attached SCSI disk
[   19.111227] sd 2:0:1:0: [sdb] Attached SCSI disk
[   19.739639] e1000 0000:00:03.0 eth0: (PCI:33MHz:32-bit) 02:39:99:10:d1:5e
[   19.739645] e1000 0000:00:03.0 eth0: Intel(R) PRO/1000 Network Connection
[   21.839177] floppy0: no floppy controllers found
[   22.039066] AES CTR mode by8 optimization enabled
[   22.047851] e1000 0000:00:03.0 enp0s3: renamed from eth0
Begin: Loading e[   23.444085] md: linear personality registered for level -1
ssential drivers ... [   23.772140] md: multipath personality registered for level -4
[   23.789995] md: raid0 personality registered for level 0
[   23.807726] md: raid1 personality registered for level 1
[   23.966580] raid6: sse2x1   gen()  9479 MB/s
[   24.042585] raid6: sse2x1   xor()  7587 MB/s
[   24.130591] raid6: sse2x2   gen() 11931 MB/s
[   24.202584] raid6: sse2x2   xor()  7727 MB/s
[   24.290548] raid6: sse2x4   gen() 13350 MB/s
[   24.414581] raid6: sse2x4   xor()  9274 MB/s
[   24.510605] raid6: avx2x1   gen() 15290 MB/s
[   24.582645] raid6: avx2x2   gen() 19046 MB/s
[   24.654595] raid6: avx2x4   gen() 21860 MB/s
[   24.663129] raid6: using algorithm avx2x4 gen() 21860 MB/s
[   24.675115] raid6: using avx2x2 recovery algorithm
[   24.682204] xor: automatically using best checksumming function:
[   24.742697]    avx       : 39977.000 MB/sec
[   24.879665] async_tx: api initialized (async)
[   24.892605] md: raid6 personality registered for level 6
[   24.920297] md: raid5 personality registered for level 5
[   24.943006] md: raid4 personality registered for level 4
[   24.959230] md: raid10 personality registered for level 10
done.
Begin: Running /scripts/init-premount ... done.
Begin: Mounting[   25.173277] Btrfs loaded
 root file system ... Begin: Running /scripts/local-top ... done.
Begin: Running /scripts/local-premount ... Scanning for Btrfs filesystems
done.
Warning: fsck no[   25.406407] EXT4-fs (sda1): mounted filesystem with ordered data mode. Opts: (null)
t present, so skipping root file system
done.
Begin: Running /scripts/local-bottom ... done.
Begin: Running /scripts/init-bottom ... done.
[   25.740682] systemd[1]: systemd 229 running in system mode. (+PAM +AUDIT +SELINUX +IMA +APPARMOR +SMACK +SYSVINIT +UTMP +LIBCRYPTSETUP +GCRYPT +GNUTLS +ACL +XZ -LZ4 +SECCOMP +BLKID +ELFUTILS +KMOD -IDN)
[   25.917771] systemd[1]: Detected virtualization oracle.
[   25.928517] systemd[1]: Detected architecture x86-64.

Welcome to [1mUbuntu 16.04.4 LTS[0m!

[ 25792]ysmd]:etosna t<unt>.
[   26.501048] systemd[1]: Initializing machine ID from random generator.
[   26.554152] systemd[1]: Installed transient /etc/machine-id file.
[ 26158]ystemd[1]: Started Forward Password Requests to Wall Directory Watch.
[[0;32m  OK  [0m] Started Forward Password Requests to Wall Directory Watch.
[   26.916585] systemd[1]: Listening on udev Control Socket.
[[0;32m  OK  [0m] Listening on udev Control Socket.
[   26.947673] systemd[1]: Listening on LVM2 metadata daemon socket.
[[0;32m  OK  [0m] Listening on LVM2 metadata daemon socket.
[ 27175]ysmd]:isenngn Devcemapper event daemon FIFOs.
[[0;32m  OK  [0m] Listening on Device-mapper event daemon FIFOs.
[   7.28] std[]:Rehe tget User and Group Name Lookups.
[[0;32m  OK  [0m] Reached target User and Group Name Lookups.
[   27.921554] systemd[1]: Reached target Swap.
[[0;32m  OK  [0m] Reached target Swap.
[ 27977]ysmd]:StteTrge rsolvconf update for networkd DNS

[[0;32m  OK  [0m] Started Trigger resolvconf update for networkd DNS.
[ 28078]ysmd]:Listening on Syslog Socket.
[[0;32m  OK  [0m] Listening on Syslog Socket.
[   28.917811] systemd[1]: Listening on LVM2 poll daemon socket.
[[0;32m  OK  [0m] Listening on LVM2 poll daemon socket.
[   29.003293] systemd[1]: Created slice System Slice.
[[0;32m  OK  [0m] Created slice System Slice.
[  29.46750syte[1 Ltengn url ocket (/dev/log).
[[0;32m  OK  [0m] Listening on Journal Socket (/dev/log).
[   .947 sstmd]:etp tounArtrry Executable File Formats File System Automount Point.
[[0;32m  OK  [0m] Set up automount Arbitrary Executab...ats File System Automount Point.
[   .527] std[: acd arget Systm Time Synchronized.
[[0;32m  OK  [0m] Reached target System Time Synchronized.
[   31.030806] systemd[1]: Listening on udev Kernel Socket.
[[0;32m  OK  [0m] Listening on udev Kernel Socket.
[ 31276]ysmd1] Cead slice system-serial\x2dgetty.slice.
[[0;32m  OK  [0m] Created slice system-serial\x2dgetty.slice.
[   314901] ysemd[1]: Created slice User and Session Slice.
[[0;32m  OK  [0m] Created slice User and Session Slice.
[   31.950813] systemd[1]: Reached target Slices.
[[0;32m  OK  [0m] Reached target Slices.
[ 32175]ysmd]:Litein o Jrnl Audit Socket.
[[0;32m  OK  [0m] Listening on Journal Audit Socket.
[   32.522857 ste[1 Lstinonde/initctl Compatibility Named Pipe.
[[0;32m  OK  [0m] Listening on /dev/initctl Compatibility Named Pipe.
[ 32780]ysem1]Litein o JuralSoet
[[0;32m  OK  [0m] Listening on Journal Socket.
[ 33355]random: nonblocking pool is initialized
[   33.750785] systemd[1]: Starting Load Kernel Modules...
         Starting Load Ke[   33.792128] Loading iSCSI transport class v2.0-870.
rnel Modules...[   33.880005] iscsi: registered transport (tcp)

[   33.919022] systemd[1]: Starting Remount Root and Kernel File Systems...
         Starting Remount Root and Kernel File Systems...
[   33.932567] EXT4-fs (sda1): re-mounted. Opts: (null)
[   33.939164] systemd[1]: Mounting Debug File System...
         [   33.985502] iscsi: registered transport (iser)
Mounting Debug File System...
[   34.137891] systemd[1]: Starting Uncomplicated firewall...
         Starting Uncomplicated firewall...
[   34.234850] systemd[1]: Starting Set console keymap...
         Starting Set console keymap...
[   34.267263] systemd[1]: Mounting POSIX Message Queue File System...
         Mounting POSIX Message Queue File System...
[   34.312003] systemd[1]: Starting Nameserver information manager...
         Starting Nameserver information manager...
[   34.374703] systemd[1]: Mounting Huge Pages File System...
         Mounting Huge Pages File System...
[   34.434891] systemd[1]: Starting Monitoring of LVM2 mirrors, snapshots etc. using dmeventd or progress polling...
         Starting Monitoring of LVM2 mirrors... dmeventd or progress polling...
[ 345174syem1]Rehe trget Encrypted Volumes.
[[0;32m  OK  [0m] Reached target Encrypted Volumes.
[   34.938863] systemd[1]: Starting Create list of required static device nodes for the current kernel...
         Starting Create list of required st... nodes for the current kernel...
[   35.058837] systemd[1]: Starting Journal Service...
         Starting Journal Service...
[ 35381]ysmd[1]: Mounted Debug File System.
[[0;32m  OK  [0m] Mounted Debug File System.
[   35.389372] systemd[1]: Mounted POSIX Message Queue File System.
[[0;32m  OK  [0m] Mounted POSIX Message Queue File System.
[   35.422870] systemd[1]: Mounted Huge Pages File System.
[[0;32m  OK  [0m] Mounted Huge Pages File System.
[   35.474908] systemd[1]: Started Journal Service.
[[0;32m  OK  [0m] Started Journal Service.
[[0;32m  OK  [0m] Started Load Kernel Modules.
[[0;32m  OK  [0m] Started Remount Root and Kernel File Systems.
[[0;32m  OK  [0m] Started Uncomplicated firewall.
[[0;32m  OK  [0m] Started Set console keymap.
[[0;32m  OK  [0m] Started Create list of required sta...ce nodes for the current kernel.
[[0;32m  OK  [0m] Started Nameserver information manager.
[[0;32m  OK  [0m] Started LVM2 metadata daemon.
         Starting Create Static Device Nodes in /dev...
         Starting Initial cloud-init job (pre-networking)...
         Starting udev Coldplug all Devices...
         Starting Load/Save Random Seed...
         Starting Apply Kernel Variables...
         Mounting FUSE Control File System...
         Starting Flush Journal to Persistent Storage...
[[0;32m  OK  [0m] Mounted FUSE Control File System.
[[0;32m  OK  [0m] Started Create Static Device Nodes in /dev.
[[0;32m  OK  [0m] Started Load/Save Random Seed.
[[0;32m  OK  [0m] Started Apply Kernel Variables.
[[0;32m  OK  [0m] Started udev Coldplug all Devices.
[[0;32m  OK  [0m] Started Monitoring of LVM2 mirrors,...ng dmeventd or progress polling.
[[0;32m  OK  [0m] Started Flush Journal to Persistent Storage.
         Starting udev Kernel Device Manager...
[[0;32m  OK  [0m] Started udev Kernel Device Manager.
[[0;32m  OK  [0m] Started Dispatch Password Requests to Console Directory Watch.
[[0;32m  OK  [0m] Reached target Local File Systems (Pre).
[[0;32m  OK  [0m] Reached target Local File Systems.
         Starting Commit a transient machine-id on disk...
         Starting Tell Plymouth To Write Out Runtime Data...
[   28.091520] cloud-init[445]: Cloud-init v. 17.2 running 'init-local' at Mon, 16 Apr 2018 17:26:57 +0000. Up 27.73 seconds.
         Starting Create Volatile Files and Directories...
         Starting Set console font and keymap...
         Starting LSB: AppArmor initialization...
[[0;32m  OK  [0m] Started Commit a transient machine-id on disk.
[[0;32m  OK  [0m] Started Tell Plymouth To Write Out Runtime Data.
[[0;32m  OK  [0m] Started Create Volatile Files and Directories.
[[0;32m  OK  [0m] Started Initial cloud-init job (pre-networking).
[[0;32m  OK  [0m] Found device /dev/ttyS0.
[[0;32m  OK  [0m] Started Set console font and keymap.
[[0;32m  OK  [0m] Listening on Load/Save RF Kill Switch Status /dev/rfkill Watch.
[[0;32m  OK  [0m] Created slice system-getty.slice.
[[0;32m  OK  [0m] Reached target Network (Pre).
         Starting Update UTMP about System Boot/Shutdown...
[[0;32m  OK  [0m] Started Update UTMP about System Boot/Shutdown.
[[0;32m  OK  [0m] Started LSB: AppArmor initialization.
         Starting Raise network interfaces...
[[0;32m  OK  [0m] Started Raise network interfaces.
         Starting Initial cloud-init job (metadata service crawler)...
[[0;32m  OK  [0m] Reached target Network.
[   31.952283] cloud-init[934]: Cloud-init v. 17.2 running 'init' at Mon, 16 Apr 2018 17:27:00 +0000. Up 31.21 seconds.
[   32.004189] cloud-init[934]: ci-info: +++++++++++++++++++++++++++++++++++++Net device info++++++++++++++++++++++++++++++++++++++
[   32.004325] cloud-init[934]: ci-info: +--------+------+----------------------------+---------------+-------+-------------------+
[[0;32m  OK  [0m] Started Initial cloud-init job (metadata service crawler).
[   32.004423] cloud-init[934]: ci-info: | Device |  Up  |          Address           |      Mask     | Scope |     Hw-Address    |
[   32.270848] cloud-init[934]: ci-info: +--------+------+----------------------------+---------------+-------+-------------------+
[   32.319316] cloud-init[934]: ci-info: | enp0s3 | True |         10.0.2.15          | 255.255.255.0 |   .   | 02:39:99:10:d1:5e |
[   32.319519] cloud-init[934]: ci-info: | enp0s3 | True | fe80::39:99ff:fe10:d15e/64 |       .       |  link | 02:39:99:10:d1:5e |
[[0;32m  OK  [0m] Reached target System Initialization.
[   32.319630] cloud-init[934]: ci-info: |   lo   | True |         127.0.0.1          |   255.0.0.0   |   .   |         .         |
[   32.400409] cloud-init[934]: ci-info: |   lo   | True |          ::1/128           |       .       |  host |         .         |
[   32.504379] cloud-init[934]: ci-info: +--------+------+----------------------------+---------------+-------+-------------------+
[   32.504622] cloud-init[934]: ci-info: +++++++++++++++++++++++++++Route IPv4 info++++++++++++++++++++++++++++
[[0;32m  OK  [0m] Started Daily apt download activities.
[[   32.504757] cloud-init[934]: ci-info: +-------+-------------+----------+---------------+-----------+-------+
[   32.759679] cloud-init[934]: ci-info: | Route | Destination | Gateway  |    Genmask    | Interface | Flags |
[0;32m  OK  [0m] Started Daily apt upgrade and clean activities.
[   32.759763] cloud-init[934]: ci-info: +-------+-------------+----------+---------------+-----------+-------+
[   32.923084] cloud-init[934]: ci-info: |   0   |   0.0.0.0   | 10.0.2.2 |    0.0.0.0    |   enp0s3  |   UG  |
[   32.923263] cloud-init[934]: ci-info: |   1   |   10.0.2.0  | 0.0.0.0  | 255.255.255.0 |   enp0s3  |   U   |
[[0;32m  OK  [0m] Started ACPI Events Check.
[[   32.923350] cloud-init[934]: ci-info: +-------+-------------+----------+---------------+-----------+-------+
[0;32m  OK  [0m] Reached target Paths.
[[   32.957254] cloud-init[934]: Generating public/private rsa key pair.
[0;32m  OK  [0m[   33.212729] ] cloud-initStarted Daily Cleanup of Temporary Directories.[934]: 
Your identification has been saved in /etc/ssh/ssh_host_rsa_key.
[   33.316318] cloud-init[934]: Your public key has been saved in /etc/ssh/ssh_host_rsa_key.pub.
[   33.316506] cloud-init[934]: The key fingerprint is:
[[0;32m  OK  [0m] Listening on D-Bus System Message Bus Socket.
[   33.316578] cloud-init[934]: SHA256:VMp1WTBk7U+PeHXUA9OmEY1KhUY+gK6XmT8O/e//WGY root@ubuntu-xenial
[   33.496399] cloud-init[934]: The key's randomart image is:
         Starting LXD - unix socket.
         [   33.496650] Starting Socket activation for snappy daemon.cloud-init
[934]: +---[RSA 2048]----+
[   33.644370] cloud-init[934]: |        ..+oOXB .|
[   33.661594] cloud-init[934]: |       o +o*.+o=o|
[   33.672307] cloud-init[934]: |      . + oo..+..|
[   33.672653] cloud-init[934]: |       o   .... +|
[[0;32m  OK  [0m] Listening on ACPID Listen Socket.
[[   33.672775] cloud-init[934]: |      . S    . =o|
[   33.730413] cloud-init[934]: |     . =.   . o o|
[0;32m  OK  [0m] Listening on UUID daemon activation socket.
[   33.730475] cloud-init[934]: |      ....   .  E|
[   33.828055] cloud-init[934]: |        .o.    = |
[   33.828210] cloud-init[934]: |        ....ooo.o|
[[0;32m  OK  [0m] Started Timer to automatically refresh installed snaps.
[[   33.828300] cloud-init[934]: +----[SHA256]-----+
[   33.964659] cloud-init[934]: Generating public/private dsa key pair.
[0;32m  OK  [0m] Reached target Timers.
[   33.964704] cloud-init[934]: Your identification has been saved in /etc/ssh/ssh_host_dsa_key.
[   33.976589] cloud-init[934]: Your public key has been saved in /etc/ssh/ssh_host_dsa_key.pub.
[   33.976622] cloud-init[934]: The key fingerprint is:
[   33.976650] cloud-init[934]: SHA256:I5Z34jrNB7Rx2xzkGbVbWwoNFw7l6IC0Iz9lr3XjNZI root@ubuntu-xenial
[   33.976677] cloud-init[934]: The key's randomart image is:
[   33.976703] cloud-init[934]: +---[DSA 1024]----+
[   33.976731] cloud-init[934]: |        .   oo=. |
[   33.976765] cloud-init[934]: |       . o  oO . |
[   33.976792] cloud-init[934]: |      . + +ooo= o|
[   33.976818] cloud-init[934]: |       +o+.++..+o|
[   33.976857] cloud-init[934]: |      +.S+.++E=o.|
[   33.976900] cloud-init[934]: |     . +o=.ooo.o.|
[[0;32m  OK  [0m] Reached target Cloud-config availability.
[[   33.977047] cloud-init[934]: |       o...   .  |
[0;32m  OK  [0m] Reached target Network is Online.
[   34.174498] cloud-init[934]: |      ..o .      |
[   34.218933] cloud-init[934]: |      .. .       |
[   34.232668] cloud-init[934]: +----[SHA256]-----+
[   34.232967] cloud-init[934]: Generating public/private ecdsa key pair.
         Starting iSCSI initiator daemon (iscsid)...
[   34.233121] cloud-init[934]: Your identification has been saved in /etc/ssh/ssh_host_ecdsa_key.
[   34.356435] cloud-init[934]: Your public key has been saved in /etc/ssh/ssh_host_ecdsa_key.pub.
[   34.356678] cloud-init[934]: The key fingerprint is:
[[0;32m  OK  [0m] Listening on LXD - unix socket.
[[   34.356740] cloud-init[934]: SHA256:iKiLV/SpALT2OmnJ18QX6MHxkxX/jlT8qa3wb2wpiGM root@ubuntu-xenial
[0;32m  OK  [0m] Listening on Socket activation for snappy daemon.
[   34.539496] cloud-init[934]: The key's randomart image is:
[   34.685198] cloud-init[934]: +---[ECDSA 256]---+
[   34.703340] cloud-init[934]: |         ..      |
[   34.724422] cloud-init[934]: | .   .   .. .    |
[   34.769263] cloud-init[934]: |. . . + o  . o   |
[   34.820322] cloud-init[934]: |.o ..= *    o . .|
[   34.868713] cloud-init[934]: |..o.+.o.S  . . o |
[   34.918977] cloud-init[934]: | ....+o.  . o o  |
[   34.932624] cloud-init[934]: |o +oo..   .o.o...|
[   34.972374] cloud-init[934]: |.O....   E .o..= |
[   35.039129] cloud-init[934]: |+.o     . .  o=. |
[[0;32m  OK  [0m] Started iSCSI initiator daemon (iscsid).
[   35.173619] cloud-init[934]: +----[SHA256]-----+
[   35.220288] cloud-init[934]: Generating public/private ed25519 key pair.
[   35.304383] cloud-init[934]: Your identification has been saved in /etc/ssh/ssh_host_ed25519_key.
         [   35.432142] cloud-init[934]: Your public key has been saved in /etc/ssh/ssh_host_ed25519_key.pub.
[   35.432181] cloud-init[934]: The key fingerprint is:
[   35.432208] cloud-init[934]: SHA256:+MGJ2h/MwJTXg54fIb2QjMlGfsXS22kfT7Ku72byRC4 root@ubuntu-xenial
[   35.432242] cloud-init[934]: The key's randomart image is:
[   35.432300] cloud-init[934]: +--[ED25519 256]--+
[   35.432345] cloud-init[934]: |      .  o.      |
[   35.432387] cloud-init[934]: |     + =.*o      |
[   35.432428] cloud-init[934]: |      O O.=o .   |
[   35.432477] cloud-init[934]: |     + B =.++ o .|
[   35.432519] cloud-init[934]: |      = S o. ..* |
[   35.432559] cloud-init[934]: |     o = o . oo .|
[   35.432600] cloud-init[934]: |    . . = . E.o  |
[   35.432642] cloud-init[934]: |       . .  .o+  |
[   35.432960] cloud-init[934]: |        .   .O+  |
[   35.433009] cloud-init[934]: +----[SHA256]-----+
Starting Login to default iSCSI targets...
[[0;32m  OK  [0m] Reached target Sockets.
[[0;32m  OK  [0m] Reached target Basic System.
         Starting LSB: MD monitoring daemon...
         Starting Apply the settings specified in cloud-config...
         Starting Virtualbox guest utils...
[[0;32m  OK  [0m] Started Deferred execution scheduler.
[[0;32m  OK  [0m] Started FUSE filesystem for LXC.
[   36.641680] cloud-init[1041]: Generating locales (this might take a while)...
         Starting LXD - container startup/shutdown...
[[0;32m  OK  [0m] Started D-Bus System Message Bus.
         Starting Snappy daemon...
         Starting Accounts Service...
         Starting /etc/rc.local Compatibility...
         Starting Pollinate to seed the pseudo random number generator...
         Starting LSB: Record successful boot for GRUB...
[[0;32m  OK  [0m] Started Regular background program processing daemon.
         Starting System Logging Service...
[[0;32m  OK  [0m] Started ACPI event daemon.
         Starting Login Service...
[[0;32m  OK  [0m] Started Unattended Upgrades Shutdown.
[   37.598016] cloud-init[1041]:   en_US.UTF-8... done
[   37.618650] cloud-init[1041]: Generation complete.
[[0;32m  OK  [0m] Started Snappy daemon.
[[0;32m  OK  [0m] Started System Logging Service.
[[0;32m  OK  [0m] Started LXD - container startup/shutdown.
[[0;32m  OK  [0m] Started /etc/rc.local Compatibility.
[[0;32m  OK  [0m] Started Pollinate to seed the pseudo random number generator.
[[0;32m  OK  [0m] Started LSB: MD monitoring daemon.
[[0;32m  OK  [0m] Started Virtualbox guest utils.
[   37.981718] cloud-init[1041]: Cloud-init v. 17.2 running 'modules:config' at Mon, 16 Apr 2018 17:27:05 +0000. Up 36.49 seconds.
[[0;32m  OK  [0m] Started Apply the settings specified in cloud-config.
[[0;32m  OK  [0m] Started Login to default iSCSI targets.
[[0;32m  OK  [0m] Started LSB: Record successful boot for GRUB.
         Starting Authenticate and Authorize Users to Run Privileged Tasks...
[[0;32m  OK  [0m] Reached target Remote File Systems (Pre).
[[0;32m  OK  [0m] Reached target Remote File Systems.
         Starting Permit User Sessions...
         Starting LSB: daemon to balance interrupts for SMP systems...
         Starting LSB: Set the CPU Frequency Scaling governor to "ondemand"...
         Starting LSB: automatic crash report generation...
         Starting OpenBSD Secure Shell server...
[[0;32m  OK  [0m] Started OpenBSD Secure Shell server.
[[0;32m  OK  [0m] Started Permit User Sessions.
[[0;32m  OK  [0m] Started Login Service.
[[0;32m  OK  [0m] Started Authenticate and Authorize Users to Run Privileged Tasks.
[[0;32m  OK  [0m] Started Accounts Service.
[[0;32m  OK  [0m] Created slice User Slice of vagrant.
[[0;32m  OK  [0m] Started Session 1 of user vagrant.
         Starting User Manager for UID 1000...
         Starting Terminate Plymouth Boot Screen...
         Starting Hold until boot process finishes up...
[[0;32m  OK  [0m] Started User Manager for UID 1000.
[[0;32m  OK  [0m] Started LSB: daemon to balance interrupts for SMP systems.
[[0;32m  OK  [0m] Started LSB: Set the CPU Frequency Scaling governor to "ondemand".
[[0;32m  OK  [0m] Started LSB: automatic crash report generation.
[[0;32m  OK  [0m] Started Terminate Plymouth Boot Screen.
[[0;32m  OK  [0m] Started Hold until boot process finishes up.
[[0;32m  OK  [0m] Started Serial Getty on ttyS0.
         Starting Set console scheme...
[[0;32m  OK  [0m] Started Getty on tty1.
[[0;32m  OK  [0m] Reached target Login Prompts.
[[0;32m  OK  [0m] Reached target Multi-User System.
         Starting Execute cloud user/final scripts...
[[0;32m  OK  [0m] Reached target Graphical Interface.
         Starting Update UTMP about System Runlevel Changes...
[[0;32m  OK  [0m] Started Set console scheme.
ci-info: no authorized ssh keys fingerprints found for user ubuntu.
[[0;32m  OK  [0m] Started Update UTMP about System Runlevel Changes.
<14>Apr 16 17:27:08 ec2: 
<14>Apr 16 17:27:08 ec2: #############################################################
<14>Apr 16 17:27:08 ec2: -----BEGIN SSH HOST KEY FINGERPRINTS-----
<14>Apr 16 17:27:08 ec2: 1024 SHA256:I5Z34jrNB7Rx2xzkGbVbWwoNFw7l6IC0Iz9lr3XjNZI root@ubuntu-xenial (DSA)
<14>Apr 16 17:27:08 ec2: 256 SHA256:iKiLV/SpALT2OmnJ18QX6MHxkxX/jlT8qa3wb2wpiGM root@ubuntu-xenial (ECDSA)
<14>Apr 16 17:27:08 ec2: 256 SHA256:+MGJ2h/MwJTXg54fIb2QjMlGfsXS22kfT7Ku72byRC4 root@ubuntu-xenial (ED25519)
<14>Apr 16 17:27:08 ec2: 2048 SHA256:VMp1WTBk7U+PeHXUA9OmEY1KhUY+gK6XmT8O/e//WGY root@ubuntu-xenial (RSA)
<14>Apr 16 17:27:08 ec2: -----END SSH HOST KEY FINGERPRINTS-----
<14>Apr 16 17:27:08 ec2: #############################################################
-----BEGIN SSH HOST KEY KEYS-----
ecdsa-sha2-nistp256 AAAAE2VjZHNhLXNoYTItbmlzdHAyNTYAAAAIbmlzdHAyNTYAAABBBEL1SnTz/oFCU31hy+s6koaJry+qNhRN3id6+vZuKDS8kQkQDcb482NrxV9AGktkBJIrhA8FBK+3CWys0omWOoU= root@ubuntu-xenial
ssh-ed25519 AAAAC3NzaC1lZDI1NTE5AAAAICHwR77Vyp3BraX8JjH5jrjjy9glqe7XnnbyjJCo8HCl root@ubuntu-xenial
ssh-rsa AAAAB3NzaC1yc2EAAAADAQABAAABAQC7qJZmdUWkkV7dr1ZU3BmxkEkf6BgxG/Ac2+rYilWrusKQtLXc9GqwsQNZRN13x9BkdPM1GOu5vzxs6JuvbbG2sSnkE2DCOFJiIe665CWsxjqXTY5QuS3VqoT2OjmndH589R+K3QIKuikg388b/rP3xW6sn3PP39hXqxDh2y4AZ9Jfc+SQdRTfTjiSCHPmDHPo6cJl7v/FkKKFvbXoQL1JwKUbjGI4CpsHgO8Z/hKSWUk061ZEiRex+ron3TV1Yklc4Tvpcl1S8XGA67RW6eo2wGszMY4ihrRFYV/WjWn6MqtPMBfSL1HvHObIGTyJAw6S8Kd7JwaVz60J0JfJDJmd root@ubuntu-xenial
-----END SSH HOST KEY KEYS-----
[   39.988866] cloud-init[1288]: Cloud-init v. 17.2 running 'modules:final' at Mon, 16 Apr 2018 17:27:08 +0000. Up 39.38 seconds.
[[0;32m  OK  [0m] Started Execute cloud user/final scripts.
[   40.090921] cloud-init[1288]: ci-info: no authorized ssh keys fingerprints found for user ubuntu.
[   40.260562] cloud-init[1288]: Cloud-init v. 17.2 finished at Mon, 16 Apr 2018 17:27:09 +0000. Datasource DataSourceNoCloud [seed=/dev/sdb][dsmode=net].  Up 39.98 seconds
[[0;32m  OK  [0m] Reached target Cloud-init target.

Ubuntu 16.04.4 LTS ubuntu-xenial ttyS0

ubuntu-xenial login: 